app/proguard-rules.pro
# Add project specific ProGuard rules here.
# You can control the set of applied configuration files using the
# proguardFiles setting in build.gradle.
#
# For more details, see
#   http://developer.android.com/guide/developing/tools/proguard.html

# If your project uses WebView with JS, uncomment the following
# and specify the fully qualified class name to the JavaScript interface
# class:
#-keepclassmembers class fqcn.of.javascript.interface.for.webview {
#   public *;
#}

# Uncomment this to preserve the line number information for
# debugging stack traces.
#-keepattributes SourceFile,LineNumberTable

# If you keep the line number information, uncomment this to
# hide the original source file name.
#-renamesourcefileattribute SourceFile
# 代码混淆压缩比，在0~7之间，默认为5，一般不做修改
-optimizationpasses 7

# 混合时不使用大小写混合，混合后的类名为小写
-dontusemixedcaseclassnames

-dontusemixedcaseclassnames
-dontskipnonpubliclibraryclasses
-verbose

# Optimization is turned off by default. Dex does not like code run
# through the ProGuard optimize and preverify steps (and performs some
# of these optimizations on its own).
-dontoptimize
-dontpreverify
# Note that if you want to enable optimization, you cannot just
# include optimization flags in your own project configuration file;
# instead you will need to point to the
# "proguard-android-optimize.txt" file instead of this one from your
# project.properties file.


# For native methods, see http://proguard.sourceforge.net/manual/examples.html#native
-keepclasseswithmembernames class * {
    native <methods>;
}

# keep setters in Views so that animations can still work.
# see http://proguard.sourceforge.net/manual/examples.html#beans

-keep public class * extends android.view.View{
    *** get*();
    void set*(***);
    public <init>(android.content.Context);
    public <init>(android.content.Context, android.util.AttributeSet);
    public <init>(android.content.Context, android.util.AttributeSet, int);
}

-keepclassmembers public class * extends android.view.View {
   void set*(***);
   *** get*();
}

# We want to keep methods in Activity that could be used in the XML attribute onClick
-keepclassmembers class * extends android.app.Activity {
   public void *(android.view.View);
}

# For enumeration classes, see http://proguard.sourceforge.net/manual/examples.html#enumerations
-keepclassmembers enum * {
    public static **[] values();
    public static ** valueOf(java.lang.String);
}

-keepclassmembers class * implements android.os.Parcelable {
  public static final android.os.Parcelable$Creator CREATOR;
}

# The support library contains references to newer platform versions.
# Don't warn about those in case this app is linking against an older
# platform version.  We know about them, and they are safe.
-dontwarn android.support.**

-keep class com.google.android.material.** {*;}

-keep class androidx.** {*;}

-keep public class * extends androidx.**

-keep interface androidx.** {*;}

-dontwarn com.google.android.material.**

-dontnote com.google.android.material.**

-dontwarn androidx.**

#泛型，解决出现类型转换错误的问题
-keepattributes Signature

#Serializable序列化
-keepclassmembers class * implements java.io.Serializable {
    static final long serialVersionUID;
    private static final java.io.ObjectStreamField[] serialPersistentFields;
    private void writeObject(java.io.ObjectOutputStream);
    private void readObject(java.io.ObjectInputStream);
    java.lang.Object writeReplace();
    java.lang.Object readResolve();
}
-keep public class * implements java.io.Serializable {*;}

-keepclassmembers class * implements android.os.Parcelable {
  public static final android.os.Parcelable$Creator CREATOR;
}

#注解
-keepattributes *Annotation*


# 保留在Activity中的方法参数是view的方法，
# 这样以来我们在layout中写的onClick就不会被影响
-keepclassmembers class * extends android.app.Activity{
    public void *(android.view.View);
}

-keepclasseswithmembers class * {
    public <init>(android.content.Context,android.util.AttributeSet);
}

-keepclasseswithmembers class * {
    public <init>(android.content.Context,android.util.AttributeSet, int);
}

-keepclassmembers class * extends android.app.Activity {
   public void *(android.view.View);
}

-keepclassmembers enum * {
    public static **[] values();
    public static ** valueOf(java.lang.String);
}
-keepclassmembers class * {
   public <init> (org.json.JSONObject);
}

# (实体类所在的包)

-keep class com.yingyuzhang.iptv.bean.**{ *; }
-keep class com.yingyuzhang.iptv.view.**{ *; }

# 保留R下面的资源
-keep class **.R$* {
 *;
}
#不混淆资源类下static的
-keepclassmembers class **.R$* {
    public static <fields>;
}


#apk包内所有 class 的内部结构、混淆时是否记录日志
-dump class_files.txt
#未混淆的类和成员
-printseeds seeds.txt
#列出从 apk 中删除的代码
-printusage unused.txt
#混淆前后的映射
-printmapping mapping.txt



#okhttputils
-dontwarn com.zhy.http.**
-keep class com.zhy.http.**{*;}

#okhttp
-dontwarn okhttp3.**
-keep class okhttp3.**{*;}

#okio
-dontwarn okio.**
-keep class okio.**{*;}

#okhttp3
-dontwarn com.squareup.okhttp3.**
-keep class com.squareup.okhttp3.** { *;}
-dontwarn okio.**

#glide3
-keep public class * implements com.bumptech.glide.module.GlideModule
-keep public enum com.bumptech.glide.load.resource.bitmap.ImageHeaderParser$** {
  **[] $VALUES;
  public *;
}

#glide4
-keep public class * implements com.bumptech.glide.module.AppGlideModule
-keep public class * implements com.bumptech.glide.module.LibraryGlideModule
-keep public enum com.bumptech.glide.load.ImageHeaderParser$** {
  **[] $VALUES;
  public *;
}

# Media3-ExoPlayer
-keep class androidx.media3.** { *; }
-dontwarn androidx.media3.**
-keep interface androidx.media3.** { *; }
-keep class androidx.media3.exoplayer.** { *; }
-dontwarn androidx.media3.exoplayer.**
-keep class androidx.media3.common.** { *; }
-dontwarn androidx.media3.common.**
-keep class androidx.media3.datasource.** { *; }
-dontwarn androidx.media3.datasource.**
-keep class androidx.media3.extractor.** { *; }
-dontwarn androidx.media3.extractor.**
-keep class androidx.media3.ui.** { *; }
-dontwarn androidx.media3.ui.**