app/mapping.txt
# compiler: R8
# compiler_version: 8.1.68
# min_api: 16
# common_typos_disable
# {"id":"com.android.tools.r8.mapping","version":"2.2"}
# pg_map_id: 42812ca
# pg_map_hash: SHA-256 42812ca37806734b8cc229439409dcb668c0955024250c3e22483c8be0a8ba90
com.yingyuzhang.iptv.App -> com.yingyuzhang.iptv.App:
    com.yingyuzhang.iptv.App$Companion Companion -> c
    android.app.Application instance -> e
    java.util.ArrayList tvList -> f
    java.lang.String tvListUrl -> g
    java.lang.String tvFileName -> h
    java.lang.String tvShowTime -> i
    1:1:java.lang.String access$getTvFileName$cp():0:0 -> a
    1:1:java.util.ArrayList access$getTvList$cp():0:0 -> b
    1:1:java.lang.String access$getTvListUrl$cp():0:0 -> c
    1:1:java.lang.String access$getTvShowTime$cp():0:0 -> d
com.yingyuzhang.iptv.App$Companion -> com.yingyuzhang.iptv.App$a:
    void <init>() -> <init>
    1:1:void <init>(kotlin.jvm.internal.DefaultConstructorMarker):0:0 -> <init>
      # {"id":"com.android.tools.r8.residualsignature","signature":"(Lkotlin/jvm/internal/f;)V"}
    1:1:java.lang.String getTvFileName():0:0 -> a
    1:1:java.util.ArrayList getTvList():0:0 -> b
    1:1:java.lang.String getTvListUrl():0:0 -> c
    1:1:java.lang.String getTvShowTime():0:0 -> d
com.yingyuzhang.iptv.activity.LaunchActivity -> com.yingyuzhang.iptv.activity.LaunchActivity:
    com.yingyuzhang.iptv.databinding.ActivityLaunchBinding binding -> f
    boolean isUpdateToday -> g
    1:1:void initData():0:0 -> f
    1:1:void initView():0:0 -> g
    1:1:androidx.constraintlayout.widget.ConstraintLayout setView():0:0 -> j
    1:1:com.yingyuzhang.iptv.databinding.ActivityLaunchBinding getBinding():0:0 -> k
    1:1:void getShowTime():0:0 -> l
    1:1:void setBinding(com.yingyuzhang.iptv.databinding.ActivityLaunchBinding):0:0 -> m
com.yingyuzhang.iptv.activity.LaunchActivity$getShowTime$$inlined$startActivity$default$1 -> com.yingyuzhang.iptv.activity.LaunchActivity$a:
    com.yingyuzhang.iptv.activity.LaunchActivity this$0 -> a
    android.content.Context $this_startActivity -> b
    1:1:void onDownloadSuccess(java.lang.String):0:0 -> a
    1:1:void onDownloadFailure(java.lang.Exception):0:0 -> b
com.yingyuzhang.iptv.activity.LaunchActivity$getShowTime$$inlined$startActivity$default$1$1 -> com.yingyuzhang.iptv.activity.LaunchActivity$a$a:
    com.yingyuzhang.iptv.activity.LaunchActivity this$0 -> c
    kotlin.jvm.internal.Ref$ObjectRef $showString -> e
    java.lang.String $file -> f
    android.content.Context $this_startActivity -> g
com.yingyuzhang.iptv.activity.LaunchActivity$getShowTime$1 -> com.yingyuzhang.iptv.activity.LaunchActivity$b:
    com.yingyuzhang.iptv.activity.LaunchActivity this$0 -> a
    1:1:void onDownloadSuccess(java.lang.String):0:0 -> a
    1:1:void onDownloadFailure(java.lang.Exception):0:0 -> b
    1:1:void $r8$lambda$CfgtRER_4wwV1YLdBEoFR8OCGVo(com.yingyuzhang.iptv.activity.LaunchActivity):0:0 -> c
      # {"id":"com.android.tools.r8.synthesized"}
    1:1:void onDownloadSuccess$lambda$0(com.yingyuzhang.iptv.activity.LaunchActivity):0:0 -> d
com.yingyuzhang.iptv.activity.LaunchActivity$getShowTime$1$$ExternalSyntheticLambda0 -> l0.a:
# {"id":"sourceFile","fileName":"R8$$SyntheticClass"}
# {"id":"com.android.tools.r8.synthesized"}
    com.yingyuzhang.iptv.activity.LaunchActivity com.yingyuzhang.iptv.activity.LaunchActivity$getShowTime$1$$InternalSyntheticLambda$1$dc520afc8e533244132ad7765d5b237a87870d0dfce95269a04fccf1ac7a136c$0.f$0 -> c
    1:1:void com.yingyuzhang.iptv.activity.LaunchActivity$getShowTime$1$$InternalSyntheticLambda$1$dc520afc8e533244132ad7765d5b237a87870d0dfce95269a04fccf1ac7a136c$0.<init>(com.yingyuzhang.iptv.activity.LaunchActivity):0:0 -> <init>
      # {"id":"com.android.tools.r8.synthesized"}
    1:1:void com.yingyuzhang.iptv.activity.LaunchActivity$getShowTime$1$$InternalSyntheticLambda$1$dc520afc8e533244132ad7765d5b237a87870d0dfce95269a04fccf1ac7a136c$0.run():0:0 -> run
      # {"id":"com.android.tools.r8.synthesized"}
...
androidx.media3.exoplayer.analytics.DefaultAnalyticsCollector$$ExternalSyntheticLambda4 -> androidx.media3.exoplayer.analytics.t0:
# {"id":"sourceFile","fileName":"R8$$SyntheticClass"}
# {"id":"com.android.tools.r8.synthesized"}
    androidx.media3.exoplayer.analytics.AnalyticsListener$EventTime androidx.media3.exoplayer.analytics.DefaultAnalyticsCollector$$InternalSyntheticLambda$1$085d562098ef70301230954b506228f1b71b1713d2b8189cf92aa73e7f1734e5$0.f$0 -> a
    androidx.media3.exoplayer.source.LoadEventInfo androidx.media3.exoplayer.analytics.DefaultAnalyticsCollector$$InternalSyntheticLambda$1$085d562098ef70301230954b506228f1b71b1713d2b8189cf92aa73e7f1734e5$0.f$1 -> b
    androidx.media3.exoplayer.source.MediaLoadData androidx.media3.exoplayer.analytics.DefaultAnalyticsCollector$$InternalSyntheticLambda$1$085d562098ef70301230954b506228f1b71b1713d2b8189cf92aa73e7f1734e5$0.f$2 -> c
    1:1:void androidx.media3.exoplayer.analytics.DefaultAnalyticsCollector$$InternalSyntheticLambda$1$085d562098ef70301230954b506228f1b71b1713d2b8189cf92aa73e7f1734e5$0.<init>(androidx.media3.exoplayer.analytics.AnalyticsListener$EventTime,androidx.media3.exoplayer.source.LoadEventInfo,androidx.media3.exoplayer.source.MediaLoadData):0:0 -> <init>
      # {"id":"com.android.tools.r8.synthesized"}
androidx.media3.exoplayer.analytics.DefaultAnalyticsCollector$$ExternalSyntheticLambda40 -> androidx.media3.exoplayer.analytics.j0:
# {"id":"sourceFile","fileName":"R8$$SyntheticClass"}
# {"id":"com.android.tools.r8.synthesized"}
    androidx.media3.exoplayer.analytics.AnalyticsListener$EventTime androidx.media3.exoplayer.analytics.DefaultAnalyticsCollector$$InternalSyntheticLambda$1$809ff57a665757b3bc746b598f3fc453622b5aebe523ee423833c7c45d8d089e$0.f$0 -> a
    1:1:void androidx.media3.exoplayer.analytics.DefaultAnalyticsCollector$$InternalSyntheticLambda$1$809ff57a665757b3bc746b598f3fc453622b5aebe523ee423833c7c45d8d089e$0.<init>(androidx.media3.exoplayer.analytics.AnalyticsListener$EventTime):0:0 -> <init>
      # {"id":"com.android.tools.r8.synthesized"}
    1:1:void androidx.media3.exoplayer.analytics.DefaultAnalyticsCollector$$InternalSyntheticLambda$1$809ff57a665757b3bc746b598f3fc453622b5aebe523ee423833c7c45d8d089e$0.invoke(java.lang.Object):0:0 -> invoke
      # {"id":"com.android.tools.r8.synthesized"}
androidx.media3.exoplayer.analytics.DefaultAnalyticsCollector$$ExternalSyntheticLambda41 -> androidx.media3.exoplayer.analytics.k0:
# {"id":"sourceFile","fileName":"R8$$SyntheticClass"}
# {"id":"com.android.tools.r8.synthesized"}
    androidx.media3.exoplayer.analytics.AnalyticsListener$EventTime androidx.media3.exoplayer.analytics.DefaultAnalyticsCollector$$InternalSyntheticLambda$1$87ce23bcdac975750eabc8c079cc47e14901ca68f6cad9de198eab23c7895a43$0.f$0 -> a
    int androidx.media3.exoplayer.analytics.DefaultAnalyticsCollector$$InternalSyntheticLambda$1$87ce23bcdac975750eabc8c079cc47e14901ca68f6cad9de198eab23c7895a43$0.f$1 -> b
    1:1:void androidx.media3.exoplayer.analytics.DefaultAnalyticsCollector$$InternalSyntheticLambda$1$87ce23bcdac975750eabc8c079cc47e14901ca68f6cad9de198eab23c7895a43$0.<init>(androidx.media3.exoplayer.analytics.AnalyticsListener$EventTime,int):0:0 -> <init>
      # {"id":"com.android.tools.r8.synthesized"}
    1:1:void androidx.media3.exoplayer.analytics.DefaultAnalyticsCollector$$InternalSyntheticLambda$1$87ce23bcdac975750eabc8c079cc47e14901ca68f6cad9de198eab23c7895a43$0.invoke(java.lang.Object):0:0 -> invoke
      # {"id":"com.android.tools.r8.synthesized"}