app/unused.txt
com.yingyuzhang.iptv.App$Companion:
    public final android.content.Context applicationContext()
    public final void setTvShowTime(java.lang.String)
com.yingyuzhang.iptv.App:
    private static final java.lang.String rootUrl
    public static final synthetic android.app.Application access$getInstance$cp()
    public static final synthetic void access$setTvShowTime$cp(java.lang.String)
com.yingyuzhang.iptv.BuildConfig
com.yingyuzhang.iptv.R
com.yingyuzhang.iptv.activity.LaunchActivity$startActivity$1$onDownloadSuccess$1
com.yingyuzhang.iptv.activity.LaunchActivity$startActivity$1
com.yingyuzhang.iptv.activity.LaunchActivity:
    public final synthetic void startActivity(android.content.Context,java.lang.Boolean)
    public static synthetic void startActivity$default(com.yingyuzhang.iptv.activity.LaunchActivity,android.content.Context,java.lang.Boolean,int,java.lang.Object)
com.yingyuzhang.iptv.activity.MainActivity:
    public final com.yingyuzhang.iptv.pop.SettingPopWindows getSettingPop()
    public final java.lang.String getTempNum()
    public final void setSettingPop(com.yingyuzhang.iptv.pop.SettingPopWindows)
    public final void setTempNum(java.lang.String)
    public final void setTvListPop(com.yingyuzhang.iptv.pop.TvListPopWindows)
com.yingyuzhang.iptv.adapter.TvListAdapter:
    public final int getIndexCurrent()
    public final void setIndexCurrent(int)
com.yingyuzhang.iptv.base.AppAdapter$AppViewHolder:
    public void <init>(com.yingyuzhang.iptv.base.AppAdapter,android.view.View)
com.yingyuzhang.iptv.base.AppAdapter$SimpleViewHolder:
    final synthetic com.yingyuzhang.iptv.base.AppAdapter this$0
    public void <init>(com.yingyuzhang.iptv.base.AppAdapter,int)
    public void <init>(com.yingyuzhang.iptv.base.AppAdapter,android.view.View)
com.yingyuzhang.iptv.base.AppAdapter:
    private boolean lastPage
    private java.lang.Object tag
    public void addData(java.util.List)
    public void addItem(int,java.lang.Object)
    public void addItem(java.lang.Object)
    public void clearData()
    public boolean containsItem(int)
    public boolean containsItem(java.lang.Object)
    public java.util.List getData()
    public int getPageNumber()
    public java.lang.Object getTag()
    public boolean isLastPage()
    public void removeItem(int)
    public void removeItem(java.lang.Object)
    public void setItem(int,java.lang.Object)
    public void setLastPage(boolean)
    public void setPageNumber(int)
    public void setTag(java.lang.Object)
com.yingyuzhang.iptv.base.BaseActivity:
    public final void setNotFirstShow(boolean)
com.yingyuzhang.iptv.base.BaseAdapter:
    private final void checkRecyclerViewState()
    public int getColor(int)
    public android.graphics.drawable.Drawable getDrawable(int)
    public androidx.recyclerview.widget.RecyclerView getRecyclerView()
    public android.content.res.Resources getResources()
    public java.lang.String getString(int)
    public varargs java.lang.String getString(int,java.lang.Object[])
    public java.lang.Object getSystemService(java.lang.Class)
    public void setOnChildClickListener(int,com.yingyuzhang.iptv.base.BaseAdapter$OnChildClickListener)
    public void setOnChildLongClickListener(int,com.yingyuzhang.iptv.base.BaseAdapter$OnChildLongClickListener)
    public void setOnItemClickListener(com.yingyuzhang.iptv.base.BaseAdapter$OnItemClickListener)
    public void setOnItemLongClickListener(com.yingyuzhang.iptv.base.BaseAdapter$OnItemLongClickListener)
com.yingyuzhang.iptv.base.action.ResourcesAction$DefaultImpls
com.yingyuzhang.iptv.base.action.ResourcesAction
...
android.support.v4.media.MediaBrowserCompat$MediaBrowserImplApi21$2
android.support.v4.media.MediaBrowserCompat$MediaBrowserImplApi21$3
android.support.v4.media.MediaBrowserCompat$MediaBrowserImplApi21$4
android.support.v4.media.MediaBrowserCompat$MediaBrowserImplApi21$5
android.support.v4.media.MediaBrowserCompat$MediaBrowserImplApi21$6
android.support.v4.media.MediaBrowserCompat$MediaBrowserImplApi21$7
android.support.v4.media.MediaBrowserCompat$MediaBrowserImplApi21:
    public android.os.Bundle getExtras()
    public void getItem(java.lang.String,android.support.v4.media.MediaBrowserCompat$ItemCallback)
    public android.os.Bundle getNotifyChildrenChangedOptions()
    public java.lang.String getRoot()
    public android.content.ComponentName getServiceComponent()
    public boolean isConnected()
    public void search(java.lang.String,android.os.Bundle,android.support.v4.media.MediaBrowserCompat$SearchCallback)
    public void sendCustomAction(java.lang.String,android.os.Bundle,android.support.v4.media.MediaBrowserCompat$CustomActionCallback)
    public void subscribe(java.lang.String,android.os.Bundle,android.support.v4.media.MediaBrowserCompat$SubscriptionCallback)
    public void unsubscribe(java.lang.String,android.support.v4.media.MediaBrowserCompat$SubscriptionCallback)
android.support.v4.media.MediaBrowserCompat$MediaBrowserImplApi23:
    public void getItem(java.lang.String,android.support.v4.media.MediaBrowserCompat$ItemCallback)
android.support.v4.media.MediaBrowserCompat$MediaBrowserImplApi26:
    public void subscribe(java.lang.String,android.os.Bundle,android.support.v4.media.MediaBrowserCompat$SubscriptionCallback)
    public void unsubscribe(java.lang.String,android.support.v4.media.MediaBrowserCompat$SubscriptionCallback)
android.support.v4.media.MediaBrowserCompat$MediaBrowserImplBase$3
android.support.v4.media.MediaBrowserCompat$MediaBrowserImplBase$4
android.support.v4.media.MediaBrowserCompat$MediaBrowserImplBase$5
android.support.v4.media.MediaBrowserCompat$MediaBrowserImplBase$6
android.support.v4.media.MediaBrowserCompat$MediaBrowserImplBase:
    static final int CONNECT_STATE_CONNECTED
    static final int CONNECT_STATE_CONNECTING
    static final int CONNECT_STATE_DISCONNECTED
    static final int CONNECT_STATE_DISCONNECTING
    static final int CONNECT_STATE_SUSPENDED
    public android.os.Bundle getExtras()
    public void getItem(java.lang.String,android.support.v4.media.MediaBrowserCompat$ItemCallback)
    public android.os.Bundle getNotifyChildrenChangedOptions()
    public java.lang.String getRoot()
    public android.content.ComponentName getServiceComponent()
    public void search(java.lang.String,android.os.Bundle,android.support.v4.media.MediaBrowserCompat$SearchCallback)
    public void sendCustomAction(java.lang.String,android.os.Bundle,android.support.v4.media.MediaBrowserCompat$CustomActionCallback)
    public void subscribe(java.lang.String,android.os.Bundle,android.support.v4.media.MediaBrowserCompat$SubscriptionCallback)
    public void unsubscribe(java.lang.String,android.support.v4.media.MediaBrowserCompat$SubscriptionCallback)
android.support.v4.media.MediaBrowserCompat$MediaItem:
    public static final int FLAG_BROWSABLE
    public static final int FLAG_PLAYABLE
    public void <init>(android.support.v4.media.MediaDescriptionCompat,int)
    public static android.support.v4.media.MediaBrowserCompat$MediaItem fromMediaItem(java.lang.Object)
    public static java.util.List fromMediaItemList(java.util.List)
    public android.support.v4.media.MediaDescriptionCompat getDescription()
    public int getFlags()
    public java.lang.String getMediaId()
    public boolean isBrowsable()
    public boolean isPlayable()
android.support.v4.media.MediaBrowserCompat$SearchCallback:
    public void <init>()